14:08:13 **** Build of configuration Debug for project vizq-cppcms ****
make all 
Building file: ../codebase/rtree/distance.cpp
Invoking: GCC C++ Compiler
g++ -O0 -g3 -Wall -c -fmessage-length=0 -MMD -MP -MF"codebase/rtree/distance.d" -MT"codebase/rtree/distance.o" -o "codebase/rtree/distance.o" "../codebase/rtree/distance.cpp"
../codebase/rtree/distance.cpp: In function ‘bool chk_intr(float, float, float, float)’:
../codebase/rtree/distance.cpp:19:20: warning: comparisons like ‘X<=Y<=Z’ do not have their mathematical meaning [-Wparentheses]
  if (MAX(_a1, _b1) <= MIN(_a2, _b2))
                    ^
../codebase/rtree/distance.cpp: In function ‘float NNmininf(float*, float*, float*, int)’:
../codebase/rtree/distance.cpp:204:9: warning: unused variable ‘v1’ [-Wunused-variable]
  float *v1 = m1 + 2 * _dim, *v3 = m3 + 2 * _dim;
         ^
Finished building: ../codebase/rtree/distance.cpp
 
Building file: ../codebase/rtree/entry.cpp
Invoking: GCC C++ Compiler
g++ -O0 -g3 -Wall -c -fmessage-length=0 -MMD -MP -MF"codebase/rtree/entry.d" -MT"codebase/rtree/entry.o" -o "codebase/rtree/entry.o" "../codebase/rtree/entry.cpp"
Finished building: ../codebase/rtree/entry.cpp
 
Building file: ../codebase/rtree/rtnode.cpp
Invoking: GCC C++ Compiler
g++ -O0 -g3 -Wall -c -fmessage-length=0 -MMD -MP -MF"codebase/rtree/rtnode.d" -MT"codebase/rtree/rtnode.o" -o "codebase/rtree/rtnode.o" "../codebase/rtree/rtnode.cpp"
In file included from ../codebase/rtree/rtnode.cpp:8:0:
../codebase/rtree/rtree.h:85:11: warning: non-static data member initializers only available with -std=c++11 or -std=gnu++11
  bool s = false;
           ^
../codebase/rtree/rtree.h:112:22: warning: non-static data member initializers only available with -std=c++11 or -std=gnu++11
  double r = rand() % 255;
                      ^
../codebase/rtree/rtree.h:113:22: warning: non-static data member initializers only available with -std=c++11 or -std=gnu++11
  double g = rand() % 255;
                      ^
../codebase/rtree/rtree.h:114:22: warning: non-static data member initializers only available with -std=c++11 or -std=gnu++11
  double b = rand() % 255;
                      ^
../codebase/rtree/rtree.h: In member function ‘void polygon::draw(int, double)’:
../codebase/rtree/rtree.h:124:10: warning: variable ‘x1’ set but not used [-Wunused-but-set-variable]
   double x1 = 0, y1 = 0, z1 = 0;
          ^
../codebase/rtree/rtree.h:124:18: warning: variable ‘y1’ set but not used [-Wunused-but-set-variable]
   double x1 = 0, y1 = 0, z1 = 0;
                  ^
../codebase/rtree/rtree.h:124:26: warning: variable ‘z1’ set but not used [-Wunused-but-set-variable]
   double x1 = 0, y1 = 0, z1 = 0;
                          ^
../codebase/rtree/rtree.h: In member function ‘void VisibleRegion3D::draw(double)’:
../codebase/rtree/rtree.h:160:10: warning: variable ‘x1’ set but not used [-Wunused-but-set-variable]
   double x1 = 0, y1 = 0, z1 = 0;
          ^
../codebase/rtree/rtree.h:160:18: warning: variable ‘y1’ set but not used [-Wunused-but-set-variable]
   double x1 = 0, y1 = 0, z1 = 0;
                  ^
../codebase/rtree/rtree.h:160:26: warning: variable ‘z1’ set but not used [-Wunused-but-set-variable]
   double x1 = 0, y1 = 0, z1 = 0;
                          ^
../codebase/rtree/rtree.h: At global scope:
../codebase/rtree/rtree.h:269:22: warning: non-static data member initializers only available with -std=c++11 or -std=gnu++11
  double r = rand() % 255, g = rand() % 255, b = rand() % 255;
                      ^
../codebase/rtree/rtree.h:269:40: warning: non-static data member initializers only available with -std=c++11 or -std=gnu++11
  double r = rand() % 255, g = rand() % 255, b = rand() % 255;
                                        ^
../codebase/rtree/rtree.h:269:58: warning: non-static data member initializers only available with -std=c++11 or -std=gnu++11
  double r = rand() % 255, g = rand() % 255, b = rand() % 255;
                                                          ^
../codebase/rtree/rtree.h: In member function ‘void QueryPoint3D::print()’:
../codebase/rtree/rtree.h:297:21: warning: comparison between signed and unsigned integer expressions [-Wsign-compare]
   for (int j = 0; j < visiblePlanes.size(); ++j) {
                     ^
../codebase/rtree/rtree.h:319:23: warning: comparison between signed and unsigned integer expressions [-Wsign-compare]
     for (int k = 0; k < it->sides.size(); ++k) {
                       ^
../codebase/rtree/rtnode.cpp: In constructor ‘RTNode::RTNode(RTree*)’:
../codebase/rtree/rtnode.cpp:33:12: warning: deleting object of polymorphic class type ‘Entry’ which has non-virtual destructor might cause undefined behaviour [-Wdelete-non-virtual-dtor]
     delete d;
            ^
../codebase/rtree/rtnode.cpp: In constructor ‘RTNode::RTNode(RTree*, int)’:
../codebase/rtree/rtnode.cpp:63:12: warning: deleting object of polymorphic class type ‘Entry’ which has non-virtual destructor might cause undefined behaviour [-Wdelete-non-virtual-dtor]
     delete d;
            ^
../codebase/rtree/rtnode.cpp: In member function ‘int RTNode::choose_subtree(float*)’:
../codebase/rtree/rtnode.cpp:110:13: warning: enumeration value ‘OVERLAP’ not handled in switch [-Wswitch]
      switch (entries[i].section(mbr))
             ^
../codebase/rtree/rtnode.cpp:110:13: warning: enumeration value ‘S_NONE’ not handled in switch [-Wswitch]
../codebase/rtree/rtnode.cpp: In member function ‘R_DELETE RTNode::delete_entry(Entry*)’:
../codebase/rtree/rtnode.cpp:238:14: warning: enumeration value ‘NOTFOUND’ not handled in switch [-Wswitch]
       switch (del_ret)
              ^
../codebase/rtree/rtnode.cpp:289:14: warning: enumeration value ‘NOTFOUND’ not handled in switch [-Wswitch]
       switch (del_ret)
              ^
../codebase/rtree/rtnode.cpp: In member function ‘void RTNode::enter(Entry*)’:
../codebase/rtree/rtnode.cpp:379:62: warning: deprecated conversion from string constant to ‘char*’ [-Wwrite-strings]
         error("RTNode::enter: called, but node is full", TRUE);
                                                              ^
../codebase/rtree/rtnode.cpp:388:12: warning: deleting object of polymorphic class type ‘Entry’ which has non-virtual destructor might cause undefined behaviour [-Wdelete-non-virtual-dtor]
     delete de;
            ^
../codebase/rtree/rtnode.cpp: In member function ‘R_OVERFLOW RTNode::insert(Entry*, RTNode**)’:
../codebase/rtree/rtnode.cpp:500:71: warning: deprecated conversion from string constant to ‘char*’ [-Wwrite-strings]
               error("RTNode::insert: maximum capacity violation", TRUE);
                                                                       ^
../codebase/rtree/rtnode.cpp:553:70: warning: deprecated conversion from string constant to ‘char*’ [-Wwrite-strings]
          error("RTDataNode::insert: maximum capacity violation", TRUE);
                                                                      ^
../codebase/rtree/rtnode.cpp: In member function ‘int RTNode::split(float**, int**)’:
../codebase/rtree/rtnode.cpp:874:51: warning: suggest parentheses around ‘&&’ within ‘||’ [-Wparentheses]
         if ((over < minover) || (over == minover) && dead < mindead)
                                                   ^
../codebase/rtree/rtnode.cpp:919:51: warning: suggest parentheses around ‘&&’ within ‘||’ [-Wparentheses]
         if ((over < minover) || (over == minover) && dead < mindead)
                                                   ^
../codebase/rtree/rtnode.cpp: In member function ‘R_DELETE RTNode::delete_entry(Entry*)’:
../codebase/rtree/rtnode.cpp:373:1: warning: control reaches end of non-void function [-Wreturn-type]
 }
 ^
Finished building: ../codebase/rtree/rtnode.cpp
 
Building file: ../codebase/rtree/rtree.cpp
Invoking: GCC C++ Compiler
g++ -O0 -g3 -Wall -c -fmessage-length=0 -MMD -MP -MF"codebase/rtree/rtree.d" -MT"codebase/rtree/rtree.o" -o "codebase/rtree/rtree.o" "../codebase/rtree/rtree.cpp"
../codebase/rtree/rtree.cpp:6025:0: warning: "MAX" redefined
 #define MAX(a,b) ((a)>(b)?(a):(b))
 ^
In file included from ../codebase/rtree/rtree.h:10:0,
                 from ../codebase/rtree/rtree.cpp:9:
../codebase/rtree/../func/gendef.h:37:0: note: this is the location of the previous definition
 #define MAX(a, b) a > b? a : b  
 ^
../codebase/rtree/rtree.cpp:6026:0: warning: "MIN" redefined
 #define MIN(a,b) ((a)<(b)?(a):(b))
 ^
In file included from ../codebase/rtree/rtree.h:10:0,
                 from ../codebase/rtree/rtree.cpp:9:
../codebase/rtree/../func/gendef.h:36:0: note: this is the location of the previous definition
 #define MIN(a, b) a < b ? a : b  
 ^
In file included from ../codebase/rtree/rtree.cpp:9:0:
../codebase/rtree/rtree.h:85:11: warning: non-static data member initializers only available with -std=c++11 or -std=gnu++11
  bool s = false;
           ^
../codebase/rtree/rtree.h:112:22: warning: non-static data member initializers only available with -std=c++11 or -std=gnu++11
  double r = rand() % 255;
                      ^
../codebase/rtree/rtree.h:113:22: warning: non-static data member initializers only available with -std=c++11 or -std=gnu++11
  double g = rand() % 255;
                      ^
../codebase/rtree/rtree.h:114:22: warning: non-static data member initializers only available with -std=c++11 or -std=gnu++11
  double b = rand() % 255;
                      ^
../codebase/rtree/rtree.h: In member function ‘void polygon::draw(int, double)’:
../codebase/rtree/rtree.h:124:10: warning: variable ‘x1’ set but not used [-Wunused-but-set-variable]
   double x1 = 0, y1 = 0, z1 = 0;
          ^
../codebase/rtree/rtree.h:124:18: warning: variable ‘y1’ set but not used [-Wunused-but-set-variable]
   double x1 = 0, y1 = 0, z1 = 0;
                  ^
../codebase/rtree/rtree.h:124:26: warning: variable ‘z1’ set but not used [-Wunused-but-set-variable]
   double x1 = 0, y1 = 0, z1 = 0;
                          ^
../codebase/rtree/rtree.h: In member function ‘void VisibleRegion3D::draw(double)’:
../codebase/rtree/rtree.h:160:10: warning: variable ‘x1’ set but not used [-Wunused-but-set-variable]
   double x1 = 0, y1 = 0, z1 = 0;
          ^
../codebase/rtree/rtree.h:160:18: warning: variable ‘y1’ set but not used [-Wunused-but-set-variable]
   double x1 = 0, y1 = 0, z1 = 0;
                  ^
../codebase/rtree/rtree.h:160:26: warning: variable ‘z1’ set but not used [-Wunused-but-set-variable]
   double x1 = 0, y1 = 0, z1 = 0;
                          ^
../codebase/rtree/rtree.h: At global scope:
../codebase/rtree/rtree.h:269:22: warning: non-static data member initializers only available with -std=c++11 or -std=gnu++11
  double r = rand() % 255, g = rand() % 255, b = rand() % 255;
                      ^
../codebase/rtree/rtree.h:269:40: warning: non-static data member initializers only available with -std=c++11 or -std=gnu++11
  double r = rand() % 255, g = rand() % 255, b = rand() % 255;
                                        ^
../codebase/rtree/rtree.h:269:58: warning: non-static data member initializers only available with -std=c++11 or -std=gnu++11
  double r = rand() % 255, g = rand() % 255, b = rand() % 255;
                                                          ^
../codebase/rtree/rtree.h: In member function ‘void QueryPoint3D::print()’:
../codebase/rtree/rtree.h:297:21: warning: comparison between signed and unsigned integer expressions [-Wsign-compare]
   for (int j = 0; j < visiblePlanes.size(); ++j) {
                     ^
../codebase/rtree/rtree.h:319:23: warning: comparison between signed and unsigned integer expressions [-Wsign-compare]
     for (int k = 0; k < it->sides.size(); ++k) {
                       ^
../codebase/rtree/rtree.cpp: In constructor ‘RTree::RTree(char*, char*, int, Cache*, int)’:
../codebase/rtree/rtree.cpp:129:45: warning: deprecated conversion from string constant to ‘char*’ [-Wwrite-strings]
   error("Cannot open R-Tree text file", TRUE);
                                             ^
../codebase/rtree/rtree.cpp: In member function ‘bool RTree::delete_entry(Entry*)’:
../codebase/rtree/rtree.cpp:249:65: warning: deprecated conversion from string constant to ‘char*’ [-Wwrite-strings]
   error("RTree::delete_entry--The root has been deleted\n", true);
                                                                 ^
../codebase/rtree/rtree.cpp: In member function ‘void RTree::insert(Entry*)’:
../codebase/rtree/rtree.cpp:303:9: warning: deleting object of polymorphic class type ‘Entry’ which has non-virtual destructor might cause undefined behaviour [-Wdelete-non-virtual-dtor]
  delete d; //we follow the convention that the entry will be deleted when insertion finishes
         ^
../codebase/rtree/rtree.cpp:321:64: warning: deprecated conversion from string constant to ‘char*’ [-Wwrite-strings]
    error("RTree::insert: inconsistent list re_data_cands", TRUE);
                                                                ^
../codebase/rtree/rtree.cpp: In member function ‘int RTree::update_rslt(Entry*, float, Entry*, float*, int)’:
../codebase/rtree/rtree.cpp:414:38: warning: deprecated conversion from string constant to ‘char*’ [-Wwrite-strings]
  error("Error in update_rslt\n", true);
                                      ^
../codebase/rtree/rtree.cpp: In member function ‘void RTree::BFNN(float*, int, Entry*)’:
../codebase/rtree/rtree.cpp:508:59: warning: deprecated conversion from string constant to ‘char*’ [-Wwrite-strings]
      error("testing... leaf entries found in heap\n", true);
                                                           ^
../codebase/rtree/rtree.cpp: In member function ‘void RTree::Rect_kNNQ(Rectangle1, float, int, Pointlocation*, int*)’:
../codebase/rtree/rtree.cpp:725:11: warning: deprecated conversion from string constant to ‘char*’ [-Wwrite-strings]
       TRUE);
           ^
../codebase/rtree/rtree.cpp:669:6: warning: unused variable ‘io’ [-Wunused-variable]
  int io = 0;
      ^
../codebase/rtree/rtree.cpp: In member function ‘void RTree::TPNN_TP(float*, int, Entry*, Entry*, float)’:
../codebase/rtree/rtree.cpp:832:44: warning: deprecated conversion from string constant to ‘char*’ [-Wwrite-strings]
   error("tpheap is not initialized\n", true);
                                            ^
../codebase/rtree/rtree.cpp: In member function ‘void RTree::private_kGNN_sum(Rectangle1*, int, int, Pointlocation*, int*)’:
../codebase/rtree/rtree.cpp:1104:11: warning: deprecated conversion from string constant to ‘char*’ [-Wwrite-strings]
       TRUE);
           ^
../codebase/rtree/rtree.cpp: In member function ‘void RTree::private_kGNN_max(Rectangle1*, int, int, Pointlocation*, int*)’:
../codebase/rtree/rtree.cpp:1240:11: warning: deprecated conversion from string constant to ‘char*’ [-Wwrite-strings]
       TRUE);
           ^
../codebase/rtree/rtree.cpp: In member function ‘void RTree::consensus_kGNN(Rectangle1*, int, int, int, int, SG (*)[32], Pointlocation*, int*)’:
../codebase/rtree/rtree.cpp:1451:11: warning: deprecated conversion from string constant to ‘char*’ [-Wwrite-strings]
       TRUE);
           ^
../codebase/rtree/rtree.cpp:1278:9: warning: variable ‘maxdist’ set but not used [-Wunused-but-set-variable]
  double maxdist[kMAX];
         ^
../codebase/rtree/rtree.cpp: In function ‘double angle_between_2_lines(double, double, double, double, double, double, double, double)’:
../codebase/rtree/rtree.cpp:1669:6: warning: variable ‘flag1’ set but not used [-Wunused-but-set-variable]
  int flag1 = 0;
      ^
../codebase/rtree/rtree.cpp:1670:6: warning: variable ‘flag2’ set but not used [-Wunused-but-set-variable]
  int flag2 = 0;
      ^
../codebase/rtree/rtree.cpp: In member function ‘bool polygon::operator==(polygon)’:
../codebase/rtree/rtree.cpp:2460:20: warning: comparison between signed and unsigned integer expressions [-Wsign-compare]
  for (int i = 0; i < poly.sides.size(); i++) {
                    ^
../codebase/rtree/rtree.cpp:2462:21: warning: comparison between signed and unsigned integer expressions [-Wsign-compare]
   for (int j = 0; j < sides.size(); j++) {
                     ^
../codebase/rtree/rtree.cpp:2464:11: warning: statement has no effect [-Wunused-value]
     found == true;
           ^
../codebase/rtree/rtree.cpp: In function ‘float PolygonArea(polygon)’:
../codebase/rtree/rtree.cpp:3548:16: warning: comparison between signed and unsigned integer expressions [-Wsign-compare]
  for (int i=1;i<poly.sides.size();++i) {
                ^
../codebase/rtree/rtree.cpp:3553:16: warning: comparison between signed and unsigned integer expressions [-Wsign-compare]
  for (int i=1;i<poly.sides.size()-1;++i) {
                ^
../codebase/rtree/rtree.cpp: In member function ‘float QueryPoint3D::init_visibility(Box2, Point3D*)’:
../codebase/rtree/rtree.cpp:3670:11: warning: unused variable ‘reduceFactor’ [-Wunused-variable]
     float reduceFactor = areaReduceFactor / distFactor;
           ^
../codebase/rtree/rtree.cpp: In function ‘polygon polyRectUnion(polygon, Rectangle3D, polygon&)’:
../codebase/rtree/rtree.cpp:3891:20: warning: comparison between signed and unsigned integer expressions [-Wsign-compare]
  for (int i = 0; i < poly.sides.size(); i++)
                    ^
../codebase/rtree/rtree.cpp: In function ‘bool shadow(Point3D, Box2, Rectangle3D, Rectangle3D&)’:
../codebase/rtree/rtree.cpp:4018:6: warning: unused variable ‘count’ [-Wunused-variable]
  int count = 0;
      ^
../codebase/rtree/rtree.cpp: In function ‘bool isPolyIntesectsWithRect(polygon, Rectangle3D)’:
../codebase/rtree/rtree.cpp:4147:22: warning: comparison between signed and unsigned integer expressions [-Wsign-compare]
    for (int i = 0; i < poly.sides.size(); i++) {
                      ^
../codebase/rtree/rtree.cpp:4170:14: warning: comparison between signed and unsigned integer expressions [-Wsign-compare]
    if (count == poly.sides.size())
              ^
../codebase/rtree/rtree.cpp: In function ‘bool isPointInsidePlanarShape(Point3D, std::vector<line>)’:
../codebase/rtree/rtree.cpp:4178:22: warning: comparison between signed and unsigned integer expressions [-Wsign-compare]
    for (int i = 0; i < shape.size(); i++) {
                      ^
../codebase/rtree/rtree.cpp: In member function ‘bool QueryPoint3D::IsInsideVisibleRegion(Box2, Box2)’:
../codebase/rtree/rtree.cpp:4491:22: warning: comparison between signed and unsigned integer expressions [-Wsign-compare]
    for (int i = 0; i < visiblePlanes.size(); i++) {
                      ^
../codebase/rtree/rtree.cpp: In member function ‘void QueryPoint3D::update_visibilityRegion(Box2, Box2)’:
../codebase/rtree/rtree.cpp:4749:26: warning: comparison between signed and unsigned integer expressions [-Wsign-compare]
        for (int j = 0; j < itr->sides.size(); ++j) {
                          ^
../codebase/rtree/rtree.cpp:4764:46: warning: narrowing conversion of ‘itr.std::_List_iterator<_Tp>::operator-><polygon>()->polygon::sides.std::vector<_Tp, _Alloc>::size<line, std::allocator<line> >()’ from ‘std::vector<line>::size_type {aka long unsigned int}’ to ‘int’ inside { } is ill-formed in C++11 [-Wnarrowing]
        gpc_vertex_list tv = { itr->sides.size(), v };
                                              ^
../codebase/rtree/rtree.cpp:4767:26: warning: comparison between signed and unsigned integer expressions [-Wsign-compare]
        for (int m = 0; m < itr->sides.size(); ++m) {
                          ^
../codebase/rtree/rtree.cpp:4806:18: warning: extended initializer lists only available with -std=c++11 or -std=gnu++11
        tv = {4, v};
                  ^
../codebase/rtree/rtree.cpp:4806:11: warning: extended initializer lists only available with -std=c++11 or -std=gnu++11
        tv = {4, v};
           ^
../codebase/rtree/rtree.cpp:4588:10: warning: variable ‘outside’ set but not used [-Wunused-but-set-variable]
     bool outside = false;
          ^
../codebase/rtree/rtree.cpp: At global scope:
../codebase/rtree/rtree.cpp:5014:53: error: no ‘void RTree::MOV3D(QueryPoint3D*, int, Box2, int, QueryPoint3D*, int&, int&, Point3D*)’ member function declared in class ‘RTree’
     int& obstacle_considered, Point3D cornerPoints[]) {
                                                     ^
../codebase/rtree/rtree.cpp:5286:27: error: no ‘void RTree::Alternate_approach3D(QueryPoint3D*, int, Box2, int, QueryPoint3D*, int&, int&, Point3D*)’ member function declared in class ‘RTree’
     Point3D cornerPoints[]) {
                           ^
../codebase/rtree/rtree.cpp: In member function ‘void RTree::MOV_obs3D(std::vector<QueryPoint3D>&, int, Box2, int, std::vector<QueryPoint3D>&, int&, int&, Point3D*)’:
../codebase/rtree/rtree.cpp:5732:27: warning: comparison between signed and unsigned integer expressions [-Wsign-compare]
     for (int ind = 0; ind < cur_q.visiblePlanes.size(); ++ind) {
                           ^
../codebase/rtree/rtree.cpp:5757:27: warning: comparison between signed and unsigned integer expressions [-Wsign-compare]
     for (int ind = 0; ind < cur_q.visiblePlanes.size(); ++ind) {
                           ^
../codebase/rtree/rtree.cpp:5489:8: warning: unused variable ‘k_position’ [-Wunused-variable]
    int k_position = 0;
        ^
../codebase/rtree/rtree.cpp:5490:8: warning: unused variable ‘k_original’ [-Wunused-variable]
    int k_original = k;
        ^
../codebase/rtree/rtree.cpp:5523:10: warning: unused variable ‘leftx’ [-Wunused-variable]
    float leftx, topy, rightx, lowy;
          ^
../codebase/rtree/rtree.cpp:5523:17: warning: unused variable ‘topy’ [-Wunused-variable]
    float leftx, topy, rightx, lowy;
                 ^
../codebase/rtree/rtree.cpp:5523:23: warning: unused variable ‘rightx’ [-Wunused-variable]
    float leftx, topy, rightx, lowy;
                       ^
../codebase/rtree/rtree.cpp:5523:31: warning: unused variable ‘lowy’ [-Wunused-variable]
    float leftx, topy, rightx, lowy;
                               ^
../codebase/rtree/rtree.cpp: In member function ‘void RTree::naiveMOV3D(QueryPoint3D*, int, Box2, int, QueryPoint3D*, int&, int&, Point3D*)’:
../codebase/rtree/rtree.cpp:5792:8: warning: unused variable ‘k_position’ [-Wunused-variable]
    int k_position = 0;
        ^
../codebase/rtree/rtree.cpp:5793:8: warning: unused variable ‘k_original’ [-Wunused-variable]
    int k_original = k;
        ^
../codebase/rtree/rtree.cpp:5824:10: warning: unused variable ‘leftx’ [-Wunused-variable]
    float leftx, topy, rightx, lowy;
          ^
../codebase/rtree/rtree.cpp:5824:17: warning: unused variable ‘topy’ [-Wunused-variable]
    float leftx, topy, rightx, lowy;
                 ^
../codebase/rtree/rtree.cpp:5824:23: warning: unused variable ‘rightx’ [-Wunused-variable]
    float leftx, topy, rightx, lowy;
                       ^
../codebase/rtree/rtree.cpp:5824:31: warning: unused variable ‘lowy’ [-Wunused-variable]
    float leftx, topy, rightx, lowy;
                               ^
../codebase/rtree/rtree.cpp: In function ‘bool IsPointInsideTriangle(Pointlocation, Pointlocation, Pointlocation, Pointlocation)’:
../codebase/rtree/rtree.cpp:1735:1: warning: control reaches end of non-void function [-Wreturn-type]
 }
 ^
../codebase/rtree/rtree.cpp: In member function ‘bool QueryPoint3D::IsInsideVisibleRegion(Box2, Box2)’:
../codebase/rtree/rtree.cpp:4579:3: warning: control reaches end of non-void function [-Wreturn-type]
   }
   ^
make: *** [codebase/rtree/rtree.o] Error 1
codebase/rtree/subdir.mk:30: recipe for target 'codebase/rtree/rtree.o' failed
